SF:lib\todo\data\model\todoModel.dart
DA:8,0
DA:14,0
DA:21,0
DA:22,0
DA:23,0
DA:24,0
DA:25,0
DA:26,0
DA:31,0
DA:32,0
DA:33,0
DA:34,0
DA:35,0
DA:36,0
DA:37,0
DA:41,0
DA:42,0
DA:43,0
DA:44,0
DA:45,0
DA:46,0
DA:47,0
LF:22
LH:0
end_of_record
SF:lib\todo\presentation\state\bloc\newtodo\new_todo_state.dart
DA:4,0
DA:8,0
DA:9,0
DA:12,0
DA:13,0
DA:16,0
DA:17,0
LF:7
LH:0
end_of_record
SF:lib\todo\presentation\state\bloc\newtodo\new_todo_bloc.dart
DA:10,0
DA:11,0
DA:15,0
DA:16,0
DA:17,0
DA:18,0
LF:6
LH:0
end_of_record
SF:lib\todo\presentation\state\bloc\newtodo\new_todo_event.dart
DA:4,0
DA:11,0
DA:13,0
LF:3
LH:0
end_of_record
SF:lib\todo\presentation\state\bloc\todo\todo_event.dart
DA:4,0
DA:10,0
DA:12,0
DA:14,0
DA:21,0
DA:23,0
DA:25,0
DA:32,0
DA:34,0
DA:36,0
DA:41,0
DA:43,0
LF:12
LH:0
end_of_record
SF:lib\todo\presentation\state\bloc\todo\todo_state.dart
DA:5,1
DA:12,2
DA:14,0
DA:16,0
DA:39,0
DA:41,0
DA:42,0
DA:47,0
DA:49,0
DA:50,0
LF:10
LH:2
end_of_record
SF:lib\todo\presentation\state\bloc\todo\todo_bloc.dart
DA:12,3
DA:14,2
DA:15,2
DA:23,0
DA:24,0
DA:26,0
DA:31,0
DA:32,0
DA:35,0
LF:9
LH:3
end_of_record
SF:lib\todo\presentation\widgets\task_list.dart
DA:11,0
DA:19,0
DA:21,0
DA:22,0
DA:28,0
DA:30,0
DA:31,0
DA:32,0
DA:34,0
DA:35,0
DA:37,0
DA:38,0
DA:39,0
DA:40,0
DA:41,0
DA:42,0
DA:49,0
DA:50,0
DA:53,0
DA:75,0
LF:20
LH:0
end_of_record
SF:lib\todo\presentation\widgets\dialog_newtodo.dart
DA:12,0
DA:22,0
DA:24,0
DA:26,0
DA:27,0
DA:28,0
DA:29,0
DA:30,0
DA:31,0
DA:32,0
DA:33,0
DA:52,0
DA:54,0
DA:63,0
DA:65,0
DA:66,0
DA:67,0
DA:70,0
DA:74,0
DA:75,0
DA:76,0
DA:80,0
DA:89,0
DA:90,0
DA:91,0
DA:93,0
DA:96,0
DA:97,0
DA:98,0
DA:100,0
DA:101,0
LF:31
LH:0
end_of_record
SF:lib\todo\presentation\widgets\bottom_navbar.dart
DA:5,0
DA:14,0
DA:16,0
DA:19,0
DA:21,0
DA:23,0
DA:24,0
DA:26,0
DA:27,0
DA:29,0
DA:30,0
DA:32,0
DA:34,0
DA:35,0
DA:40,0
DA:41,0
DA:47,0
DA:49,0
DA:50,0
DA:54,0
DA:56,0
DA:57,0
DA:62,0
DA:63,0
DA:74,0
DA:76,0
DA:77,0
DA:79,0
DA:80,0
DA:84,0
DA:86,0
DA:87,0
DA:92,0
DA:93,0
DA:99,0
DA:101,0
LF:36
LH:0
end_of_record
SF:lib\todo\Domain\todos_repositiory.dart
DA:10,0
DA:13,0
DA:14,0
DA:15,0
DA:18,0
DA:19,0
DA:20,0
DA:23,0
DA:24,0
DA:25,0
DA:30,0
DA:31,0
DA:32,0
DA:33,0
DA:36,0
DA:37,0
DA:38,0
DA:42,0
DA:43,0
LF:19
LH:0
end_of_record
SF:lib\todo\presentation\state\bloc\completetodo\completetodo_bloc.dart
DA:11,0
DA:12,0
DA:17,0
DA:18,0
DA:19,0
LF:5
LH:0
end_of_record
SF:lib\todo\presentation\state\bloc\completetodo\completetodo_event.dart
DA:4,0
DA:10,0
DA:11,0
DA:13,0
LF:4
LH:0
end_of_record
SF:lib\todo\presentation\state\bloc\completetodo\completetodo_state.dart
DA:4,0
DA:8,0
DA:9,0
DA:12,0
DA:13,0
LF:5
LH:0
end_of_record
